SF:lib/data/names.dart
DA:1,3
LF:1
LH:1
end_of_record
SF:lib/data/nouns.dart
DA:1,3
LF:1
LH:1
end_of_record
SF:lib/data/verbs.dart
DA:1,3
LF:1
LH:1
end_of_record
SF:lib/src/password.dart
DA:136,1
DA:140,1
DA:141,1
DA:145,1
DA:149,2
DA:150,1
DA:153,2
DA:154,4
DA:173,1
DA:181,1
DA:182,0
DA:186,1
DA:187,1
DA:188,1
DA:189,1
DA:190,0
DA:192,1
DA:193,0
DA:197,1
DA:198,2
DA:199,4
DA:219,1
DA:226,1
DA:227,1
DA:231,1
DA:232,1
DA:234,2
DA:235,3
DA:237,0
DA:239,1
DA:242,1
DA:245,4
DA:259,1
DA:263,1
DA:264,0
DA:267,1
DA:269,1
DA:272,1
DA:273,2
DA:275,4
DA:277,4
DA:283,1
DA:284,0
DA:289,4
DA:305,1
DA:306,1
DA:307,1
DA:310,1
DA:312,2
DA:313,3
DA:332,1
DA:333,1
DA:334,1
DA:335,1
DA:336,1
DA:337,2
DA:339,1
DA:340,1
DA:341,1
DA:342,1
DA:360,1
DA:361,1
DA:366,4
DA:369,2
DA:370,2
DA:371,2
DA:373,2
DA:375,1
DA:376,1
DA:377,1
DA:378,1
DA:382,4
DA:383,2
DA:385,1
DA:394,1
DA:395,1
DA:396,1
DA:397,1
DA:398,1
DA:399,1
DA:412,1
DA:413,1
DA:417,3
DA:418,3
DA:419,3
DA:420,2
DA:421,1
DA:423,2
DA:425,1
DA:428,5
DA:437,1
DA:438,1
DA:439,1
DA:440,1
DA:441,1
DA:442,1
LF:96
LH:90
end_of_record
SF:lib/src/words.dart
DA:13,1
DA:15,2
DA:19,3
DA:26,1
DA:27,4
DA:28,2
DA:29,1
DA:30,1
DA:31,1
DA:35,1
DA:36,4
DA:37,2
DA:38,2
DA:39,2
DA:40,2
DA:41,1
DA:42,1
DA:43,1
DA:128,1
DA:129,1
DA:130,1
DA:132,1
DA:133,2
DA:134,2
DA:140,1
DA:141,6
DA:146,1
DA:147,1
DA:148,0
DA:151,2
DA:152,8
DA:159,1
DA:162,2
DA:163,1
DA:166,2
DA:169,2
DA:170,0
DA:172,3
DA:173,5
DA:174,1
DA:177,1
DA:178,0
DA:180,1
DA:181,0
DA:188,1
DA:189,1
DA:190,0
DA:192,1
DA:193,2
DA:194,7
DA:201,1
DA:202,1
DA:203,4
DA:204,3
DA:205,3
DA:213,1
DA:214,1
DA:215,4
DA:216,3
DA:217,3
DA:225,1
DA:226,1
DA:227,4
DA:228,3
DA:229,3
DA:237,1
DA:238,1
DA:239,4
DA:240,3
DA:241,3
DA:249,1
DA:250,1
DA:251,4
DA:252,3
DA:253,3
DA:261,1
DA:262,1
DA:263,4
DA:264,3
DA:265,3
DA:273,1
DA:274,6
DA:279,1
DA:280,1
DA:281,0
DA:283,1
DA:284,2
DA:285,7
DA:291,1
DA:292,6
DA:298,1
DA:299,6
DA:303,1
DA:304,6
DA:316,1
DA:325,1
DA:326,0
DA:328,1
DA:329,0
DA:331,0
DA:334,0
DA:337,1
DA:338,0
DA:343,3
DA:348,0
DA:350,0
DA:351,0
DA:355,5
DA:367,1
DA:369,2
DA:371,4
DA:372,1
DA:383,1
DA:384,1
DA:385,0
DA:387,1
DA:388,2
DA:389,3
DA:391,1
DA:399,1
DA:400,1
DA:401,0
DA:403,1
DA:404,2
DA:405,2
DA:406,1
DA:407,1
DA:409,5
DA:412,1
DA:420,1
DA:421,1
DA:422,0
DA:424,1
DA:425,2
DA:426,3
DA:428,1
DA:436,1
DA:437,1
DA:438,0
DA:440,1
DA:441,2
DA:442,2
DA:443,5
DA:445,1
DA:453,1
DA:454,1
DA:455,0
DA:457,1
DA:458,2
DA:459,3
DA:461,1
DA:471,1
DA:476,1
DA:478,2
DA:479,1
DA:481,2
DA:482,1
DA:484,4
DA:486,2
DA:487,5
DA:491,1
DA:492,7
DA:495,3
DA:498,2
DA:501,1
DA:507,1
DA:508,1
DA:509,1
DA:510,8
DA:513,1
DA:514,1
DA:515,2
DA:516,3
DA:518,1
DA:519,2
DA:520,3
DA:522,1
DA:523,2
DA:524,3
DA:534,1
DA:535,1
DA:536,3
DA:537,1
DA:538,5
DA:539,1
DA:547,1
DA:548,3
DA:549,0
DA:551,4
DA:552,2
DA:560,1
DA:561,3
DA:562,0
DA:564,4
DA:565,2
DA:573,1
DA:574,3
DA:575,0
DA:577,4
DA:578,2
DA:584,1
DA:585,6
DA:591,1
DA:592,6
DA:598,1
DA:599,6
DA:605,1
DA:606,6
LF:208
LH:186
end_of_record
